<?xml version="1.0" encoding="UTF-8"?>
<!-- Generated by org.testng.reporters.JUnitXMLReporter -->
<testsuite hostname="Ajith-PC" ignored="0" name="Test" tests="2" failures="1" timestamp="26 Jul 2018 04:07:07 GMT" time="57.439" errors="0">
  <testcase name="testValidLogin" time="8.92" classname="scripts.TestValidLogin">
    <failure type="java.lang.AssertionError" message="null">
      <![CDATA[java.lang.AssertionError: null
at scripts.TestValidLogin.testValidLogin(TestValidLogin.java:23)
... Removed 27 stack frames]]>
    </failure>
  </testcase> <!-- testValidLogin -->
  <testcase name="testInvalidLogin" time="35.3" classname="scripts.TestInvalidLogin"/>
</testsuite> <!-- Test -->
